<?xml version="1.0" encoding="UTF-8"?><testsuite errors="0" failures="2" name="Search for available flight" skipped="0" tests="2" time="5.37" timestamp="2018-10-10 04:33:58"><testcase name="Search for flight in ryanair"><failure message="Unsupported driver for webdriver.driver or webdriver.remote.driver: firefox | chrome. Did you mean firefox?" type="java.lang.AssertionError">Unsupported driver for webdriver.driver or webdriver.remote.driver: firefox | chrome. Did you mean firefox?</failure><system-err>Unsupported driver for webdriver.driver or webdriver.remote.driver: firefox | chrome. Did you mean firefox?&#13;
steps.serenity.RyanairStepsDefinitions.i_have_enter_to_Ryanair_home_page(RyanairStepsDefinitions.java:23)&#13;
steps.StepDefs.thatIHaveEnterToRyanairPage(StepDefs.java:19)&#13;
✽.That I have enter to Ryanair page(src/test/resources/features/bookFlight.feature:6)&#13;
</system-err></testcase></testsuite>